<?xml version="1.0" encoding="UTF-8"?>
<testsuite name="ru.jb.ushaev.literals.TaskFileTest" tests="2" skipped="0" failures="0" errors="0" timestamp="2021-04-07T08:43:52" hostname="ZENBOOK13" time="0.005">
  <properties/>
  <testcase name="testWithCustomRegexp" classname="ru.jb.ushaev.literals.TaskFileTest" time="0.002"/>
  <testcase name="taskFileTest" classname="ru.jb.ushaev.literals.TaskFileTest" time="0.002"/>
  <system-out><![CDATA[]]></system-out>
  <system-err><![CDATA[]]></system-err>
</testsuite>
